TN:
SF:D:\1.142555-Fareedha\10.FSD\FSD Project\SkillTrackerUI\fsd-skill-tracker-final\src\polyfills.ts
FNF:0
FNH:0
LF:0
LH:0
BRF:0
BRH:0
end_of_record
TN:
SF:D:\1.142555-Fareedha\10.FSD\FSD Project\SkillTrackerUI\fsd-skill-tracker-final\src\test.ts
FNF:0
FNH:0
DA:6,1
DA:8,1
DA:10,1
LF:3
LH:3
BRF:0
BRH:0
end_of_record
TN:
SF:D:\1.142555-Fareedha\10.FSD\FSD Project\SkillTrackerUI\fsd-skill-tracker-final\src\app\app.component.ts
FN:1,(anonymous_0)
FN:8,(anonymous_1)
FN:9,AppComponent
FNF:3
FNH:3
FNDA:1,(anonymous_0)
FNDA:1,(anonymous_1)
FNDA:3,AppComponent
DA:1,1
DA:2,1
DA:3,1
DA:4,1
DA:5,1
DA:8,1
DA:10,3
DA:12,1
DA:19,1
LF:9
LH:9
BRDA:1,0,0,1
BRDA:1,0,1,0
BRDA:1,0,2,1
BRDA:2,1,0,1
BRDA:2,1,1,0
BRDA:2,2,0,0
BRDA:2,2,1,0
BRDA:3,3,0,0
BRDA:3,3,1,1
BRDA:3,4,0,1
BRDA:3,4,1,1
BRDA:4,5,0,1
BRDA:4,5,1,0
BRDA:4,6,0,1
BRDA:4,6,1,0
BRDA:4,7,0,1
BRDA:4,7,1,0
BRDA:4,8,0,0
BRDA:4,8,1,0
BRDA:5,9,0,1
BRDA:5,9,1,0
BRDA:5,9,2,0
BRF:22
BRH:10
end_of_record
TN:
SF:D:\1.142555-Fareedha\10.FSD\FSD Project\SkillTrackerUI\fsd-skill-tracker-final\src\app\components\add-edit-associate\add-edit-associate.component.ts
FN:1,(anonymous_0)
FN:7,(anonymous_1)
FN:16,(anonymous_2)
FN:17,AddEditAssociateComponent
FN:24,(anonymous_4)
FN:26,(anonymous_5)
FN:29,(anonymous_6)
FN:40,(anonymous_7)
FN:49,(anonymous_8)
FN:51,(anonymous_9)
FN:56,(anonymous_10)
FN:66,(anonymous_11)
FN:70,(anonymous_12)
FN:77,(anonymous_13)
FN:79,(anonymous_14)
FN:103,(anonymous_15)
FN:119,(anonymous_16)
FN:200,(anonymous_17)
FN:209,(anonymous_18)
FN:215,(anonymous_19)
FN:218,(anonymous_20)
FNF:21
FNH:14
FNDA:2,(anonymous_0)
FNDA:2,(anonymous_1)
FNDA:1,(anonymous_2)
FNDA:6,AddEditAssociateComponent
FNDA:6,(anonymous_4)
FNDA:2,(anonymous_5)
FNDA:6,(anonymous_6)
FNDA:0,(anonymous_7)
FNDA:7,(anonymous_8)
FNDA:7,(anonymous_9)
FNDA:0,(anonymous_10)
FNDA:0,(anonymous_11)
FNDA:0,(anonymous_12)
FNDA:1,(anonymous_13)
FNDA:1,(anonymous_14)
FNDA:1,(anonymous_15)
FNDA:2,(anonymous_16)
FNDA:1,(anonymous_17)
FNDA:0,(anonymous_18)
FNDA:0,(anonymous_19)
FNDA:0,(anonymous_20)
DA:1,1
DA:2,2
DA:3,2
DA:4,4
DA:5,2
DA:7,1
DA:8,2
DA:16,1
DA:18,6
DA:19,6
DA:20,6
DA:21,6
DA:22,6
DA:23,6
DA:24,6
DA:26,1
DA:27,2
DA:29,1
DA:30,6
DA:31,6
DA:32,6
DA:33,6
DA:34,6
DA:35,0
DA:36,0
DA:37,0
DA:40,1
DA:41,0
DA:42,0
DA:44,0
DA:45,0
DA:47,0
DA:49,1
DA:50,7
DA:51,7
DA:52,7
DA:53,7
DA:56,1
DA:57,0
DA:58,0
DA:59,0
DA:60,0
DA:66,1
DA:67,0
DA:68,0
DA:69,0
DA:70,0
DA:71,0
DA:73,0
DA:77,1
DA:78,1
DA:79,1
DA:80,1
DA:81,1
DA:82,1
DA:83,1
DA:85,1
DA:86,0
DA:88,1
DA:89,0
DA:91,1
DA:92,0
DA:94,1
DA:95,0
DA:97,1
DA:98,1
DA:100,1
DA:103,1
DA:105,1
DA:106,1
DA:107,3
DA:108,3
DA:109,3
DA:110,3
DA:111,3
DA:112,0
DA:113,0
DA:119,1
DA:120,2
DA:126,2
DA:127,1
DA:128,1
DA:130,1
DA:133,1
DA:134,0
DA:135,0
DA:136,0
DA:138,1
DA:139,1
DA:140,1
DA:141,1
DA:143,1
DA:144,0
DA:145,0
DA:146,0
DA:148,1
DA:150,1
DA:151,1
DA:153,1
DA:154,0
DA:156,1
DA:157,0
DA:161,1
DA:162,1
DA:163,1
DA:164,1
DA:165,1
DA:166,3
DA:167,3
DA:168,3
DA:169,3
DA:170,3
DA:171,3
DA:172,3
DA:173,3
DA:174,3
DA:177,0
DA:178,0
DA:182,0
DA:186,3
DA:187,0
DA:188,0
DA:191,1
DA:192,1
DA:193,1
DA:196,1
DA:197,1
DA:198,1
DA:199,1
DA:201,1
DA:202,1
DA:208,0
DA:210,0
DA:211,0
DA:215,1
DA:216,0
DA:218,1
DA:219,0
DA:220,0
DA:225,1
DA:229,1
DA:237,1
LF:142
LH:99
BRDA:1,0,0,1
BRDA:1,0,1,0
BRDA:1,0,2,1
BRDA:2,1,0,1
BRDA:2,1,1,1
BRDA:2,2,0,0
BRDA:2,2,1,1
BRDA:3,3,0,0
BRDA:3,3,1,2
BRDA:3,4,0,2
BRDA:3,4,1,2
BRDA:4,5,0,4
BRDA:4,5,1,0
BRDA:4,6,0,4
BRDA:4,6,1,3
BRDA:4,7,0,2
BRDA:4,7,1,2
BRDA:4,8,0,2
BRDA:4,8,1,0
BRDA:5,9,0,2
BRDA:5,9,1,1
BRDA:5,9,2,0
BRDA:7,10,0,1
BRDA:7,10,1,0
BRDA:7,10,2,1
BRDA:8,11,0,2
BRDA:8,11,1,0
BRDA:8,12,0,2
BRDA:8,12,1,2
BRDA:34,13,0,0
BRDA:34,13,1,6
BRDA:41,14,0,0
BRDA:41,14,1,0
BRDA:44,15,0,0
BRDA:44,15,1,0
BRDA:58,16,0,0
BRDA:58,16,1,0
BRDA:58,17,0,0
BRDA:58,17,1,0
BRDA:68,18,0,0
BRDA:68,18,1,0
BRDA:68,19,0,0
BRDA:68,19,1,0
BRDA:82,20,0,1
BRDA:82,20,1,0
BRDA:85,21,0,0
BRDA:85,21,1,1
BRDA:88,22,0,0
BRDA:88,22,1,1
BRDA:91,23,0,0
BRDA:91,23,1,1
BRDA:94,24,0,0
BRDA:94,24,1,1
BRDA:97,25,0,1
BRDA:97,25,1,0
BRDA:111,26,0,0
BRDA:111,26,1,3
BRDA:111,27,0,3
BRDA:111,27,1,1
BRDA:126,28,0,1
BRDA:126,28,1,1
BRDA:126,29,0,2
BRDA:126,29,1,1
BRDA:130,30,0,1
BRDA:130,30,1,0
BRDA:133,31,0,0
BRDA:133,31,1,1
BRDA:138,32,0,1
BRDA:138,32,1,0
BRDA:143,33,0,0
BRDA:143,33,1,1
BRDA:150,34,0,1
BRDA:150,34,1,0
BRDA:153,35,0,0
BRDA:153,35,1,1
BRDA:156,36,0,0
BRDA:156,36,1,1
BRDA:161,37,0,1
BRDA:161,37,1,0
BRDA:173,38,0,3
BRDA:173,38,1,0
BRDA:177,39,0,0
BRDA:177,39,1,0
BRDA:186,40,0,0
BRDA:186,40,1,3
BRDA:191,41,0,1
BRDA:191,41,1,0
BRDA:197,42,0,1
BRDA:197,42,1,0
BRF:89
BRH:47
end_of_record
TN:
SF:D:\1.142555-Fareedha\10.FSD\FSD Project\SkillTrackerUI\fsd-skill-tracker-final\src\app\components\menu\menu.component.ts
FN:1,(anonymous_0)
FN:7,(anonymous_1)
FN:11,(anonymous_2)
FN:13,MenuComponent
FN:15,(anonymous_4)
FN:18,(anonymous_5)
FNF:6
FNH:3
FNDA:1,(anonymous_0)
FNDA:1,(anonymous_1)
FNDA:1,(anonymous_2)
FNDA:0,MenuComponent
FNDA:0,(anonymous_4)
FNDA:0,(anonymous_5)
DA:1,1
DA:2,1
DA:3,1
DA:4,2
DA:5,1
DA:7,1
DA:8,1
DA:11,1
DA:15,1
DA:18,1
DA:21,1
DA:29,1
LF:12
LH:12
BRDA:1,0,0,1
BRDA:1,0,1,0
BRDA:1,0,2,1
BRDA:2,1,0,1
BRDA:2,1,1,0
BRDA:2,2,0,0
BRDA:2,2,1,0
BRDA:3,3,0,0
BRDA:3,3,1,1
BRDA:3,4,0,1
BRDA:3,4,1,1
BRDA:4,5,0,2
BRDA:4,5,1,0
BRDA:4,6,0,2
BRDA:4,6,1,1
BRDA:4,7,0,2
BRDA:4,7,1,0
BRDA:4,8,0,0
BRDA:4,8,1,0
BRDA:5,9,0,1
BRDA:5,9,1,0
BRDA:5,9,2,0
BRDA:7,10,0,1
BRDA:7,10,1,0
BRDA:7,10,2,1
BRDA:8,11,0,1
BRDA:8,11,1,0
BRDA:8,12,0,1
BRDA:8,12,1,1
BRF:29
BRH:16
end_of_record
TN:
SF:D:\1.142555-Fareedha\10.FSD\FSD Project\SkillTrackerUI\fsd-skill-tracker-final\src\app\components\model\Associate.ts
FN:1,(anonymous_0)
FN:2,Associate
FNF:2
FNH:2
FNDA:1,(anonymous_0)
FNDA:17,Associate
DA:1,1
DA:4,1
LF:2
LH:2
BRF:0
BRH:0
end_of_record
TN:
SF:D:\1.142555-Fareedha\10.FSD\FSD Project\SkillTrackerUI\fsd-skill-tracker-final\src\app\components\model\AssociateSkills.ts
FN:1,(anonymous_0)
FN:2,AssociateSkills
FNF:2
FNH:2
FNDA:1,(anonymous_0)
FNDA:9,AssociateSkills
DA:1,1
DA:4,1
LF:2
LH:2
BRF:0
BRH:0
end_of_record
TN:
SF:D:\1.142555-Fareedha\10.FSD\FSD Project\SkillTrackerUI\fsd-skill-tracker-final\src\app\components\model\Chart.ts
FN:1,(anonymous_0)
FN:2,Chart
FNF:2
FNH:2
FNDA:1,(anonymous_0)
FNDA:2,Chart
DA:1,1
DA:4,1
LF:2
LH:2
BRF:0
BRH:0
end_of_record
TN:
SF:D:\1.142555-Fareedha\10.FSD\FSD Project\SkillTrackerUI\fsd-skill-tracker-final\src\app\components\model\Skill.ts
FN:1,(anonymous_0)
FN:2,Skill
FNF:2
FNH:2
FNDA:1,(anonymous_0)
FNDA:12,Skill
DA:1,1
DA:4,1
LF:2
LH:2
BRF:0
BRH:0
end_of_record
TN:
SF:D:\1.142555-Fareedha\10.FSD\FSD Project\SkillTrackerUI\fsd-skill-tracker-final\src\app\components\model\Summary.ts
FN:1,(anonymous_0)
FN:2,Summary
FNF:2
FNH:2
FNDA:1,(anonymous_0)
FNDA:3,Summary
DA:1,1
DA:4,1
LF:2
LH:2
BRF:0
BRH:0
end_of_record
TN:
SF:D:\1.142555-Fareedha\10.FSD\FSD Project\SkillTrackerUI\fsd-skill-tracker-final\src\app\components\model\associate.ts
FN:1,(anonymous_0)
FN:2,Associate
FNF:2
FNH:2
FNDA:1,(anonymous_0)
FNDA:5,Associate
DA:1,1
DA:4,1
LF:2
LH:2
BRF:0
BRH:0
end_of_record
TN:
SF:D:\1.142555-Fareedha\10.FSD\FSD Project\SkillTrackerUI\fsd-skill-tracker-final\src\app\components\model\skill.ts
FN:1,(anonymous_0)
FN:2,Skill
FNF:2
FNH:2
FNDA:1,(anonymous_0)
FNDA:3,Skill
DA:1,1
DA:4,1
LF:2
LH:2
BRF:0
BRH:0
end_of_record
TN:
SF:D:\1.142555-Fareedha\10.FSD\FSD Project\SkillTrackerUI\fsd-skill-tracker-final\src\app\components\page-not-found\page-not-found.component.ts
FN:1,(anonymous_0)
FN:7,(anonymous_1)
FN:11,(anonymous_2)
FN:12,PageNotFoundComponent
FN:14,(anonymous_4)
FNF:5
FNH:3
FNDA:1,(anonymous_0)
FNDA:1,(anonymous_1)
FNDA:1,(anonymous_2)
FNDA:0,PageNotFoundComponent
FNDA:0,(anonymous_4)
DA:1,1
DA:2,1
DA:3,1
DA:4,2
DA:5,1
DA:7,1
DA:8,1
DA:11,1
DA:14,1
DA:16,1
DA:24,1
LF:11
LH:11
BRDA:1,0,0,1
BRDA:1,0,1,0
BRDA:1,0,2,1
BRDA:2,1,0,1
BRDA:2,1,1,0
BRDA:2,2,0,0
BRDA:2,2,1,0
BRDA:3,3,0,0
BRDA:3,3,1,1
BRDA:3,4,0,1
BRDA:3,4,1,1
BRDA:4,5,0,2
BRDA:4,5,1,0
BRDA:4,6,0,2
BRDA:4,6,1,1
BRDA:4,7,0,2
BRDA:4,7,1,0
BRDA:4,8,0,0
BRDA:4,8,1,0
BRDA:5,9,0,1
BRDA:5,9,1,0
BRDA:5,9,2,0
BRDA:7,10,0,1
BRDA:7,10,1,0
BRDA:7,10,2,1
BRDA:8,11,0,1
BRDA:8,11,1,0
BRDA:8,12,0,1
BRDA:8,12,1,1
BRF:29
BRH:16
end_of_record
TN:
SF:D:\1.142555-Fareedha\10.FSD\FSD Project\SkillTrackerUI\fsd-skill-tracker-final\src\app\components\pipe\associate-filter.pipe.ts
FN:1,(anonymous_0)
FN:8,(anonymous_1)
FN:9,AssociateFilterPipe
FN:11,(anonymous_3)
FN:13,(anonymous_4)
FNF:5
FNH:5
FNDA:1,(anonymous_0)
FNDA:1,(anonymous_1)
FNDA:9,AssociateFilterPipe
FNDA:7,(anonymous_3)
FNDA:16,(anonymous_4)
DA:1,1
DA:2,1
DA:3,1
DA:4,1
DA:5,1
DA:8,1
DA:11,1
DA:12,7
DA:13,7
DA:14,16
DA:15,16
DA:16,16
DA:17,16
DA:18,16
DA:19,16
DA:20,2
DA:22,16
DA:23,2
DA:25,16
DA:26,2
DA:28,16
DA:29,2
DA:30,2
DA:32,16
DA:33,2
DA:35,16
DA:36,12
DA:38,4
DA:42,0
DA:45,1
DA:50,1
LF:31
LH:30
BRDA:1,0,0,1
BRDA:1,0,1,0
BRDA:1,0,2,1
BRDA:2,1,0,1
BRDA:2,1,1,0
BRDA:2,2,0,0
BRDA:2,2,1,0
BRDA:3,3,0,0
BRDA:3,3,1,1
BRDA:3,4,0,1
BRDA:3,4,1,1
BRDA:4,5,0,1
BRDA:4,5,1,0
BRDA:4,6,0,1
BRDA:4,6,1,0
BRDA:4,7,0,1
BRDA:4,7,1,0
BRDA:4,8,0,0
BRDA:4,8,1,0
BRDA:5,9,0,1
BRDA:5,9,1,0
BRDA:5,9,2,0
BRDA:12,10,0,7
BRDA:12,10,1,0
BRDA:12,11,0,7
BRDA:12,11,1,7
BRDA:19,12,0,2
BRDA:19,12,1,14
BRDA:22,13,0,2
BRDA:22,13,1,14
BRDA:25,14,0,2
BRDA:25,14,1,14
BRDA:28,15,0,2
BRDA:28,15,1,14
BRDA:32,16,0,2
BRDA:32,16,1,14
BRDA:35,17,0,12
BRDA:35,17,1,4
BRDA:35,18,0,16
BRDA:35,18,1,15
BRDA:35,18,2,14
BRDA:35,18,3,13
BRDA:35,18,4,12
BRF:43
BRH:30
end_of_record
TN:
SF:D:\1.142555-Fareedha\10.FSD\FSD Project\SkillTrackerUI\fsd-skill-tracker-final\src\app\components\pipe\skill-search.pipe.ts
FN:1,(anonymous_0)
FN:8,(anonymous_1)
FN:9,SkillSearchPipe
FN:16,(anonymous_3)
FN:21,(anonymous_4)
FNF:5
FNH:5
FNDA:1,(anonymous_0)
FNDA:1,(anonymous_1)
FNDA:6,SkillSearchPipe
FNDA:3,(anonymous_3)
FNDA:2,(anonymous_4)
DA:1,1
DA:2,1
DA:3,1
DA:4,1
DA:5,1
DA:8,1
DA:16,1
DA:17,3
DA:18,1
DA:19,2
DA:20,1
DA:21,1
DA:22,2
DA:25,1
DA:28,1
LF:15
LH:15
BRDA:1,0,0,1
BRDA:1,0,1,0
BRDA:1,0,2,1
BRDA:2,1,0,1
BRDA:2,1,1,0
BRDA:2,2,0,0
BRDA:2,2,1,0
BRDA:3,3,0,0
BRDA:3,3,1,1
BRDA:3,4,0,1
BRDA:3,4,1,1
BRDA:4,5,0,1
BRDA:4,5,1,0
BRDA:4,6,0,1
BRDA:4,6,1,0
BRDA:4,7,0,1
BRDA:4,7,1,0
BRDA:4,8,0,0
BRDA:4,8,1,0
BRDA:5,9,0,1
BRDA:5,9,1,0
BRDA:5,9,2,0
BRDA:17,10,0,1
BRDA:17,10,1,2
BRDA:19,11,0,1
BRDA:19,11,1,1
BRF:26
BRH:14
end_of_record
TN:
SF:D:\1.142555-Fareedha\10.FSD\FSD Project\SkillTrackerUI\fsd-skill-tracker-final\src\app\components\service\associate.service.ts
FN:1,(anonymous_0)
FN:7,(anonymous_1)
FN:21,(anonymous_2)
FN:22,AssociateService
FN:34,(anonymous_4)
FN:35,(anonymous_5)
FN:41,(anonymous_6)
FN:43,(anonymous_7)
FN:49,(anonymous_8)
FN:51,(anonymous_9)
FN:57,(anonymous_10)
FN:59,(anonymous_11)
FN:65,(anonymous_12)
FN:66,(anonymous_13)
FN:72,(anonymous_14)
FN:73,(anonymous_15)
FN:79,(anonymous_16)
FN:82,(anonymous_17)
FN:93,(anonymous_18)
FNF:19
FNH:10
FNDA:1,(anonymous_0)
FNDA:1,(anonymous_1)
FNDA:1,(anonymous_2)
FNDA:7,AssociateService
FNDA:1,(anonymous_4)
FNDA:0,(anonymous_5)
FNDA:1,(anonymous_6)
FNDA:0,(anonymous_7)
FNDA:2,(anonymous_8)
FNDA:0,(anonymous_9)
FNDA:2,(anonymous_10)
FNDA:0,(anonymous_11)
FNDA:1,(anonymous_12)
FNDA:0,(anonymous_13)
FNDA:0,(anonymous_14)
FNDA:0,(anonymous_15)
FNDA:1,(anonymous_16)
FNDA:0,(anonymous_17)
FNDA:0,(anonymous_18)
DA:1,1
DA:2,1
DA:3,1
DA:4,2
DA:5,1
DA:7,1
DA:8,1
DA:18,1
DA:21,1
DA:23,7
DA:24,7
DA:25,7
DA:26,7
DA:27,7
DA:28,7
DA:29,7
DA:30,7
DA:31,7
DA:34,1
DA:35,1
DA:41,1
DA:42,1
DA:43,1
DA:49,1
DA:50,2
DA:51,2
DA:57,1
DA:58,2
DA:59,2
DA:65,1
DA:66,1
DA:72,1
DA:73,0
DA:79,1
DA:80,1
DA:81,1
DA:82,1
DA:93,1
DA:94,0
DA:95,0
DA:97,1
DA:101,1
LF:42
LH:39
BRDA:1,0,0,1
BRDA:1,0,1,0
BRDA:1,0,2,1
BRDA:2,1,0,1
BRDA:2,1,1,0
BRDA:2,2,0,0
BRDA:2,2,1,0
BRDA:3,3,0,0
BRDA:3,3,1,1
BRDA:3,4,0,1
BRDA:3,4,1,1
BRDA:4,5,0,2
BRDA:4,5,1,0
BRDA:4,6,0,2
BRDA:4,6,1,1
BRDA:4,7,0,2
BRDA:4,7,1,0
BRDA:4,8,0,0
BRDA:4,8,1,0
BRDA:5,9,0,1
BRDA:5,9,1,0
BRDA:5,9,2,0
BRDA:7,10,0,1
BRDA:7,10,1,0
BRDA:7,10,2,1
BRDA:8,11,0,1
BRDA:8,11,1,0
BRDA:8,12,0,1
BRDA:8,12,1,1
BRDA:94,13,0,0
BRDA:94,13,1,0
BRF:31
BRH:16
end_of_record
TN:
SF:D:\1.142555-Fareedha\10.FSD\FSD Project\SkillTrackerUI\fsd-skill-tracker-final\src\app\components\service\skills.service.ts
FN:1,(anonymous_0)
FN:7,(anonymous_1)
FN:19,(anonymous_2)
FN:20,SkillsService
FN:29,(anonymous_4)
FN:30,(anonymous_5)
FN:36,(anonymous_6)
FN:39,(anonymous_7)
FN:45,(anonymous_8)
FN:47,(anonymous_9)
FN:54,(anonymous_10)
FN:57,(anonymous_11)
FN:68,(anonymous_12)
FN:70,(anonymous_13)
FNF:14
FNH:8
FNDA:1,(anonymous_0)
FNDA:1,(anonymous_1)
FNDA:1,(anonymous_2)
FNDA:10,SkillsService
FNDA:6,(anonymous_4)
FNDA:0,(anonymous_5)
FNDA:2,(anonymous_6)
FNDA:0,(anonymous_7)
FNDA:3,(anonymous_8)
FNDA:0,(anonymous_9)
FNDA:1,(anonymous_10)
FNDA:0,(anonymous_11)
FNDA:0,(anonymous_12)
FNDA:0,(anonymous_13)
DA:1,1
DA:2,1
DA:3,1
DA:4,2
DA:5,1
DA:7,1
DA:8,1
DA:16,1
DA:19,1
DA:21,10
DA:22,10
DA:23,10
DA:24,10
DA:25,10
DA:26,10
DA:29,1
DA:30,6
DA:36,1
DA:37,2
DA:39,2
DA:45,1
DA:46,3
DA:47,3
DA:54,1
DA:55,1
DA:56,1
DA:57,1
DA:68,1
DA:69,0
DA:70,0
DA:72,0
DA:74,0
DA:77,0
DA:80,1
DA:84,1
LF:35
LH:30
BRDA:1,0,0,1
BRDA:1,0,1,0
BRDA:1,0,2,1
BRDA:2,1,0,1
BRDA:2,1,1,0
BRDA:2,2,0,0
BRDA:2,2,1,0
BRDA:3,3,0,0
BRDA:3,3,1,1
BRDA:3,4,0,1
BRDA:3,4,1,1
BRDA:4,5,0,2
BRDA:4,5,1,0
BRDA:4,6,0,2
BRDA:4,6,1,1
BRDA:4,7,0,2
BRDA:4,7,1,0
BRDA:4,8,0,0
BRDA:4,8,1,0
BRDA:5,9,0,1
BRDA:5,9,1,0
BRDA:5,9,2,0
BRDA:7,10,0,1
BRDA:7,10,1,0
BRDA:7,10,2,1
BRDA:8,11,0,1
BRDA:8,11,1,0
BRDA:8,12,0,1
BRDA:8,12,1,1
BRDA:69,13,0,0
BRDA:69,13,1,0
BRF:31
BRH:16
end_of_record
TN:
SF:D:\1.142555-Fareedha\10.FSD\FSD Project\SkillTrackerUI\fsd-skill-tracker-final\src\app\components\shared\AppSettings.ts
FN:1,(anonymous_0)
FN:2,AppSettings
FNF:2
FNH:1
FNDA:1,(anonymous_0)
FNDA:0,AppSettings
DA:1,1
DA:3,0
DA:5,1
DA:6,1
LF:4
LH:3
BRF:0
BRH:0
end_of_record
TN:
SF:D:\1.142555-Fareedha\10.FSD\FSD Project\SkillTrackerUI\fsd-skill-tracker-final\src\app\components\skills\skills.component.ts
FN:1,(anonymous_0)
FN:7,(anonymous_1)
FN:14,(anonymous_2)
FN:15,SkillsComponent
FN:19,(anonymous_4)
FN:22,(anonymous_5)
FN:25,(anonymous_6)
FN:28,(anonymous_7)
FN:31,(anonymous_8)
FN:34,(anonymous_9)
FN:45,(anonymous_10)
FN:51,(anonymous_11)
FN:53,(anonymous_12)
FNF:13
FNH:7
FNDA:1,(anonymous_0)
FNDA:1,(anonymous_1)
FNDA:1,(anonymous_2)
FNDA:5,SkillsComponent
FNDA:5,(anonymous_4)
FNDA:5,(anonymous_5)
FNDA:0,(anonymous_6)
FNDA:0,(anonymous_7)
FNDA:0,(anonymous_8)
FNDA:3,(anonymous_9)
FNDA:0,(anonymous_10)
FNDA:0,(anonymous_11)
FNDA:0,(anonymous_12)
DA:1,1
DA:2,1
DA:3,1
DA:4,2
DA:5,1
DA:7,1
DA:8,1
DA:14,1
DA:16,5
DA:17,5
DA:19,1
DA:20,5
DA:22,1
DA:23,5
DA:24,5
DA:25,0
DA:28,1
DA:29,0
DA:30,0
DA:31,0
DA:34,1
DA:35,3
DA:36,3
DA:37,2
DA:38,2
DA:40,1
DA:41,1
DA:42,1
DA:43,1
DA:44,1
DA:47,0
DA:48,0
DA:51,1
DA:52,0
DA:53,0
DA:54,0
DA:56,1
DA:65,1
LF:38
LH:29
BRDA:1,0,0,1
BRDA:1,0,1,0
BRDA:1,0,2,1
BRDA:2,1,0,1
BRDA:2,1,1,0
BRDA:2,2,0,0
BRDA:2,2,1,0
BRDA:3,3,0,0
BRDA:3,3,1,1
BRDA:3,4,0,1
BRDA:3,4,1,1
BRDA:4,5,0,2
BRDA:4,5,1,0
BRDA:4,6,0,2
BRDA:4,6,1,1
BRDA:4,7,0,2
BRDA:4,7,1,0
BRDA:4,8,0,0
BRDA:4,8,1,0
BRDA:5,9,0,1
BRDA:5,9,1,0
BRDA:5,9,2,0
BRDA:7,10,0,1
BRDA:7,10,1,0
BRDA:7,10,2,1
BRDA:8,11,0,1
BRDA:8,11,1,0
BRDA:8,12,0,1
BRDA:8,12,1,1
BRDA:36,13,0,2
BRDA:36,13,1,1
BRF:31
BRH:18
end_of_record
TN:
SF:D:\1.142555-Fareedha\10.FSD\FSD Project\SkillTrackerUI\fsd-skill-tracker-final\src\app\components\skills-dashboard\skills-dashboard.component.ts
FN:1,(anonymous_0)
FN:7,(anonymous_1)
FN:14,(anonymous_2)
FN:15,SkillsDashboardComponent
FN:24,(anonymous_4)
FN:28,(anonymous_5)
FN:30,(anonymous_6)
FN:46,(anonymous_7)
FN:48,(anonymous_8)
FN:62,(anonymous_9)
FN:64,(anonymous_10)
FN:67,(anonymous_11)
FN:102,(anonymous_12)
FN:106,(anonymous_13)
FN:108,(anonymous_14)
FNF:15
FNH:13
FNDA:1,(anonymous_0)
FNDA:1,(anonymous_1)
FNDA:1,(anonymous_2)
FNDA:2,SkillsDashboardComponent
FNDA:2,(anonymous_4)
FNDA:2,(anonymous_5)
FNDA:2,(anonymous_6)
FNDA:3,(anonymous_7)
FNDA:3,(anonymous_8)
FNDA:0,(anonymous_9)
FNDA:0,(anonymous_10)
FNDA:2,(anonymous_11)
FNDA:1,(anonymous_12)
FNDA:1,(anonymous_13)
FNDA:7,(anonymous_14)
DA:1,1
DA:2,1
DA:3,1
DA:4,2
DA:5,1
DA:7,1
DA:8,1
DA:14,1
DA:16,2
DA:17,2
DA:18,2
DA:19,2
DA:24,1
DA:25,2
DA:26,2
DA:28,1
DA:29,2
DA:30,2
DA:31,2
DA:44,2
DA:46,1
DA:47,3
DA:48,3
DA:49,3
DA:50,3
DA:51,9
DA:52,9
DA:54,9
DA:55,9
DA:57,9
DA:62,1
DA:63,0
DA:64,0
DA:65,0
DA:67,1
DA:68,2
DA:69,2
DA:71,2
DA:72,2
DA:73,2
DA:74,2
DA:75,2
DA:77,2
DA:103,1
DA:104,1
DA:105,1
DA:106,1
DA:107,1
DA:108,1
DA:109,7
DA:110,7
DA:111,7
DA:112,7
DA:113,7
DA:120,2
DA:121,2
DA:123,1
DA:131,1
LF:58
LH:55
BRDA:1,0,0,1
BRDA:1,0,1,0
BRDA:1,0,2,1
BRDA:2,1,0,1
BRDA:2,1,1,0
BRDA:2,2,0,0
BRDA:2,2,1,0
BRDA:3,3,0,0
BRDA:3,3,1,1
BRDA:3,4,0,1
BRDA:3,4,1,1
BRDA:4,5,0,2
BRDA:4,5,1,0
BRDA:4,6,0,2
BRDA:4,6,1,1
BRDA:4,7,0,2
BRDA:4,7,1,0
BRDA:4,8,0,0
BRDA:4,8,1,0
BRDA:5,9,0,1
BRDA:5,9,1,0
BRDA:5,9,2,0
BRDA:7,10,0,1
BRDA:7,10,1,0
BRDA:7,10,2,1
BRDA:8,11,0,1
BRDA:8,11,1,0
BRDA:8,12,0,1
BRDA:8,12,1,1
BRDA:51,13,0,9
BRDA:51,13,1,0
BRDA:112,14,0,7
BRDA:112,14,1,0
BRF:33
BRH:18
end_of_record
